<?xml version="1.0" encoding="UTF-8"?>
<!-- Generated by org.testng.reporters.JUnitXMLReporter -->
<testsuite ignored="0" hostname="Rutuja" failures="0" tests="6" name="Default test" time="180.971" errors="0" timestamp="2025-07-12T17:42:51 IST">
  <testcase classname="teststore.pagetests.InvalidLoginTest" name="LoginNegativeTestCase" time="2.737"/>
  <testcase classname="teststore.pagetests.InvalidLoginTest" name="LoginNegativeTestCase" time="3.108"/>
  <testcase classname="teststore.pagetests.InvalidLoginTest" name="LoginNegativeTestCase" time="2.79"/>
  <testcase classname="teststore.pagetests.InvalidLoginTest" name="LoginNegativeTestCase" time="5.565"/>
  <testcase classname="teststore.pagetests.InvalidLoginTest" name="LoginNegativeTestCase" time="2.059"/>
  <testcase classname="teststore.pagetests.InvalidLoginTest" name="LoginNegativeTestCase" time="4.126"/>
</testsuite> <!-- Default test -->
