<?xml version="1.0" encoding="UTF-8"?>
<testng-results ignored="0" total="1" passed="1" failed="0" skipped="0">
  <reporter-output>
  </reporter-output>
  <suite started-at="2025-01-17T14:26:36 IST" name="Suite" finished-at="2025-01-17T14:26:53 IST" duration-ms="17159">
    <groups>
    </groups>
    <test started-at="2025-01-17T14:26:36 IST" name="Test" finished-at="2025-01-17T14:26:53 IST" duration-ms="17159">
      <class name="teststore.pagetests.LoginPageTest">
        <test-method is-config="true" signature="launchApplication()[pri:0, instance:teststore.pagetests.LoginPageTest@66c61024]" started-at="2025-01-17T14:26:36 IST" name="launchApplication" finished-at="2025-01-17T14:26:49 IST" duration-ms="13411" status="PASS">
          <reporter-output>
          </reporter-output>
        </test-method> <!-- launchApplication -->
        <test-method signature="login(java.util.HashMap)[pri:0, instance:teststore.pagetests.LoginPageTest@66c61024]" started-at="2025-01-17T14:26:49 IST" name="login" data-provider="getData" finished-at="2025-01-17T14:26:53 IST" duration-ms="3404" status="PASS">
          <params>
            <param index="0">
              <value>
                <![CDATA[{password=Raavi@123, email=raavi@gmail.com, isValid=True}]]>
              </value>
            </param>
          </params>
          <reporter-output>
          </reporter-output>
        </test-method> <!-- login -->
      </class> <!-- teststore.pagetests.LoginPageTest -->
    </test> <!-- Test -->
  </suite> <!-- Suite -->
</testng-results>
