<?xml version="1.0" encoding="UTF-8"?>
<testng-results ignored="0" total="1" passed="1" failed="0" skipped="0">
  <reporter-output>
  </reporter-output>
  <suite started-at="2025-07-17T18:20:59 IST" name="Default suite" finished-at="2025-07-17T18:21:27 IST" duration-ms="27924">
    <groups>
    </groups>
    <test started-at="2025-07-17T18:20:59 IST" name="Default test" finished-at="2025-07-17T18:21:27 IST" duration-ms="27924">
      <class name="teststore.pagetests.OrderHistoryTest">
        <test-method is-config="true" signature="launchApplication()[pri:0, instance:teststore.pagetests.OrderHistoryTest@1349883]" started-at="2025-07-17T18:20:59 IST" name="launchApplication" finished-at="2025-07-17T18:21:14 IST" duration-ms="14515" status="PASS">
          <reporter-output>
          </reporter-output>
        </test-method> <!-- launchApplication -->
        <test-method signature="OrderHistory()[pri:0, instance:teststore.pagetests.OrderHistoryTest@1349883]" started-at="2025-07-17T18:21:14 IST" name="OrderHistory" finished-at="2025-07-17T18:21:25 IST" duration-ms="11342" status="PASS">
          <reporter-output>
          </reporter-output>
        </test-method> <!-- OrderHistory -->
        <test-method is-config="true" signature="tearDownApplication()[pri:0, instance:teststore.pagetests.OrderHistoryTest@1349883]" started-at="2025-07-17T18:21:25 IST" name="tearDownApplication" finished-at="2025-07-17T18:21:27 IST" duration-ms="1996" status="PASS">
          <reporter-output>
          </reporter-output>
        </test-method> <!-- tearDownApplication -->
      </class> <!-- teststore.pagetests.OrderHistoryTest -->
    </test> <!-- Default test -->
  </suite> <!-- Default suite -->
</testng-results>
