<?xml version="1.0" encoding="UTF-8"?>
<testng-results ignored="0" total="1" passed="1" failed="0" skipped="0">
  <reporter-output>
  </reporter-output>
  <suite started-at="2025-07-12T23:50:44 IST" name="Default suite" finished-at="2025-07-12T23:51:02 IST" duration-ms="18400">
    <groups>
    </groups>
    <test started-at="2025-07-12T23:50:44 IST" name="Default test" finished-at="2025-07-12T23:51:02 IST" duration-ms="18400">
      <class name="teststore.pagetests.OrderHistoryTest">
        <test-method is-config="true" signature="launchApplication()[pri:0, instance:teststore.pagetests.OrderHistoryTest@1349883]" started-at="2025-07-12T23:50:44 IST" name="launchApplication" finished-at="2025-07-12T23:50:56 IST" duration-ms="12242" status="PASS">
          <reporter-output>
          </reporter-output>
        </test-method> <!-- launchApplication -->
        <test-method signature="OrderHistory()[pri:0, instance:teststore.pagetests.OrderHistoryTest@1349883]" started-at="2025-07-12T23:50:56 IST" name="OrderHistory" finished-at="2025-07-12T23:51:02 IST" duration-ms="5902" status="PASS">
          <reporter-output>
          </reporter-output>
        </test-method> <!-- OrderHistory -->
        <test-method is-config="true" signature="tearDownApplication()[pri:0, instance:teststore.pagetests.OrderHistoryTest@1349883]" started-at="2025-07-12T23:51:02 IST" name="tearDownApplication" finished-at="2025-07-12T23:51:02 IST" duration-ms="201" status="PASS">
          <reporter-output>
          </reporter-output>
        </test-method> <!-- tearDownApplication -->
      </class> <!-- teststore.pagetests.OrderHistoryTest -->
    </test> <!-- Default test -->
  </suite> <!-- Default suite -->
</testng-results>
